2013-11-20 13:40:16 INFO  Main:56 - tracejava.io.FileNotFoundException: C:\Users\uttamraj_sali\git\TryGit\frame\testcases.xml (The system cannot find the file specified)
2013-11-20 13:50:54 INFO  Main:56 - tracejava.io.FileNotFoundException: C:\Users\uttamraj_sali\git\TryGit\frame\testcases.xml (The system cannot find the file specified)
2013-11-20 13:58:32 INFO  Main:56 - tracejava.io.FileNotFoundException: C:\Users\uttamraj_sali\git\TryGit\frame\testcases.xml (The system cannot find the file specified)
2013-11-20 14:01:09 INFO  Main:32 - Root element :company
2013-11-20 14:01:09 INFO  Main:38 - 
Current Element :com.nuance.Login
2013-11-20 14:01:09 INFO  Main:56 - trace in readxmljava.lang.ClassNotFoundException: com.nuance.Login
2013-11-20 14:02:02 INFO  Main:32 - Root element :company
2013-11-20 14:02:02 INFO  Main:38 - 
Current Element :com.nuance.Login
2013-11-20 14:02:02 INFO  Main:56 - trace in readxmljava.lang.ClassNotFoundException: com.nuance.Login
2013-11-20 14:02:08 INFO  Main:32 - Root element :company
2013-11-20 14:02:08 INFO  Main:38 - 
Current Element :com.nuance.Login
2013-11-20 14:02:08 INFO  Main:56 - trace in readxmljava.lang.ClassNotFoundException: com.nuance.Login
2013-11-20 14:03:05 INFO  Main:32 - Root element :company
2013-11-20 14:03:06 INFO  Main:38 - 
Current Element :com.nuance.testMethods.Login
2013-11-20 14:03:06 INFO  Main:56 - trace in readxmljava.lang.ClassNotFoundException: com.nuance.testMethods.Login
2013-11-20 14:03:24 INFO  Main:32 - Root element :company
2013-11-20 14:03:24 INFO  Main:38 - 
Current Element :com.nuance.testMethods.Login
2013-11-20 14:04:32 INFO  Main:32 - Root element :company
2013-11-20 14:04:32 INFO  Main:38 - 
Current Element :com.nuance.testMethods.Login
2013-11-20 14:04:38 INFO  Main:32 - Root element :company
2013-11-20 14:04:38 INFO  Main:38 - 
Current Element :com.nuance.testMethods.Login
2013-11-20 14:05:48 INFO  Main:32 - Root element :company
2013-11-20 14:05:48 INFO  Main:38 - 
Current Element :com.nuance.testMethods.Login
2013-11-20 14:05:48 INFO  Main:56 - trace in readxmljava.lang.ClassNotFoundException: com.nuance.testMethods.Login
2013-11-20 14:06:10 INFO  Main:32 - Root element :company
2013-11-20 14:06:10 INFO  Main:38 - 
Current Element :com.nuance.testMethods.Login
